TN:
SF:src/getRequestParams.ts
FN:51,getRequestParams
FN:63,(anonymous_1)
FN:80,(anonymous_2)
FN:130,(anonymous_3)
FNF:4
FNH:4
FNDA:15,getRequestParams
FNDA:12,(anonymous_1)
FNDA:2,(anonymous_2)
FNDA:2,(anonymous_3)
DA:1,1
DA:2,1
DA:3,1
DA:4,1
DA:33,1
DA:34,1
DA:35,1
DA:36,1
DA:37,1
DA:51,1
DA:52,15
DA:58,15
DA:63,8
DA:65,12
DA:67,11
DA:68,3
DA:69,3
DA:73,8
DA:74,1
DA:75,1
DA:76,1
DA:79,7
DA:80,2
DA:84,6
DA:97,8
DA:104,14
DA:110,1
DA:111,1
DA:112,1
DA:114,1
DA:122,14
DA:126,2
DA:127,2
DA:128,2
DA:129,1
DA:130,2
DA:132,2
DA:134,14
LF:38
LH:38
BRDA:58,0,0,8
BRDA:59,1,0,15
BRDA:59,1,1,11
BRDA:67,2,0,3
BRDA:73,3,0,1
BRDA:73,3,1,7
BRDA:79,4,0,1
BRDA:79,4,1,6
BRDA:104,5,0,1
BRDA:105,6,0,14
BRDA:105,6,1,14
BRDA:105,6,2,2
BRDA:122,7,0,2
BRDA:123,8,0,14
BRDA:123,8,1,3
BRDA:128,9,0,1
BRDA:128,10,0,2
BRDA:128,10,1,2
BRF:18
BRH:18
end_of_record
TN:
SF:src/useSYSfetch.ts
FN:8,(anonymous_0)
FN:20,useSysPost
FNF:2
FNH:2
FNDA:9,(anonymous_0)
FNDA:18,useSysPost
DA:1,1
DA:2,1
DA:5,1
DA:8,1
DA:9,9
DA:10,9
DA:11,7
DA:12,6
DA:13,1
DA:15,5
DA:17,4
DA:20,1
DA:25,18
DA:27,18
DA:28,17
DA:29,17
DA:30,10
DA:31,10
DA:33,7
DA:34,7
DA:35,2
DA:37,5
DA:39,11
LF:23
LH:23
BRDA:12,0,0,1
BRDA:22,1,0,1
BRDA:29,2,0,10
BRDA:34,3,0,2
BRF:4
BRH:4
end_of_record
